<?xml version="1.0" encoding="UTF-8"?>
<testsuite xmlns:xsi="http://www.w3.org/2001/XMLSchema-instance" xsi:noNamespaceSchemaLocation="https://maven.apache.org/surefire/maven-surefire-plugin/xsd/surefire-test-report-3.0.xsd" version="3.0" name="org.example.CalculatorTest" time="0.141" tests="5" errors="0" skipped="0" failures="0">
  <properties>
[...]
</properties>
  <testcase name="testDivideByZero" classname="org.example.CalculatorTest" time="0.074"/>
  <testcase name="testSum" classname="org.example.CalculatorTest" time="0.004"/>
  <testcase name="testSubstract" classname="org.example.CalculatorTest" time="0.002"/>
  <testcase name="testDivide" classname="org.example.CalculatorTest" time="0.001"/>
  <testcase name="testMultiply" classname="org.example.CalculatorTest" time="0.002"/>
</testsuite>